<?xml version="1.0" encoding="UTF-8"?>
<!-- Generated by org.testng.reporters.JUnitReportReporter -->
<testsuite hostname="LAPTOP-1CA9TJCT" failures="0" tests="1" name="API.GETRequest" time="2.697" errors="0" timestamp="2023-08-08T13:41:54 IST" skipped="0">
  <testcase classname="API.GETRequest" name="getRequest" time="2.697"/>
  <system-out/>
</testsuite> <!-- API.GETRequest -->
