<?xml version="1.0" encoding="UTF-8"?>
<!-- Generated by org.testng.reporters.JUnitReportReporter -->
<testsuite hostname="LAPTOP-1CA9TJCT" failures="0" tests="1" name="API_Part2.PathandQueryParameter" time="4.033" errors="0" timestamp="2023-08-24T15:04:07 IST" skipped="0">
  <testcase classname="API_Part2.PathandQueryParameter" name="testQueryandPathparameter" time="4.033"/>
  <system-out/>
</testsuite> <!-- API_Part2.PathandQueryParameter -->
