<?xml version="1.0" encoding="UTF-8"?>
<!-- Generated by org.testng.reporters.JUnitReportReporter -->
<testsuite hostname="LAPTOP-1CA9TJCT" failures="0" tests="1" name="API.PostRequest" time="4.494" errors="0" timestamp="2023-08-08T17:57:34 IST" skipped="0">
  <testcase classname="API.PostRequest" name="post" time="4.494"/>
  <system-out/>
</testsuite> <!-- API.PostRequest -->
